 INFO [0x00002c68] (f:\vsprojects2010\dataproc\dataproc\dataproc\ml\supervise\linear_regression.cpp:46) - x_original
1	
2	
3	
4	
5	
6	
7	
8	
9	
10	
11	
12	
13	
14	
15	
16	
17	

   INFO [0x00002c68] (f:\vsprojects2010\dataproc\dataproc\dataproc\ml\supervise\linear_regression.cpp:47) - y_original
1	
2	
3	
4	
5	
6	
7	
8	
9	
10	
11	
12	
13	
14	
15	
16	
17	

   INFO [0x00003208] (f:\vsprojects2010\dataproc\dataproc\dataproc\ml\supervise\linear_regression.cpp:46) - x_original
1	
2	
3	
4	
5	
6	
7	
8	
9	
10	
11	
12	
13	
14	
15	
16	
17	

   INFO [0x00003208] (f:\vsprojects2010\dataproc\dataproc\dataproc\ml\supervise\linear_regression.cpp:47) - y_original
1	
2	
3	
4	
5	
6	
7	
8	
9	
10	
11	
12	
13	
14	
15	
16	
17	

   INFO [0x00003208] (f:\vsprojects2010\dataproc\dataproc\dataproc\ml\supervise\linear_regression.cpp:58) - train_rate = 0.8, cv rate = 0.1 , test rate = 0.1
   INFO [0x00003208] (f:\vsprojects2010\dataproc\dataproc\dataproc\ml\supervise\linear_regression.cpp:240) - X_train
1	1	
1	2	
1	3	
1	4	
1	5	
1	6	
1	7	
1	8	
1	9	
1	10	
1	11	
1	12	
1	13	

   INFO [0x00003208] (f:\vsprojects2010\dataproc\dataproc\dataproc\ml\supervise\linear_regression.cpp:248) - after data preprocessingm X : 

1	1	
1	2	
1	3	
1	4	
1	5	
1	6	
1	7	
1	8	
1	9	
1	10	
1	11	
1	12	
1	13	

   INFO [0x00003208] (f:\vsprojects2010\dataproc\dataproc\dataproc\ml\supervise\linear_regression.cpp:263) - the training parameters is as follows:
   INFO [0x00003208] (f:\vsprojects2010\dataproc\dataproc\dataproc\ml\supervise\linear_regression.cpp:264) - alpha0.01
   INFO [0x00003208] (f:\vsprojects2010\dataproc\dataproc\dataproc\ml\supervise\linear_regression.cpp:265) - lambda0
   INFO [0x00003208] (f:\vsprojects2010\dataproc\dataproc\dataproc\ml\supervise\linear_regression.cpp:266) - num of iterations100
   INFO [0x00003208] (f:\vsprojects2010\dataproc\dataproc\dataproc\ml\supervise\linear_regression.hpp:36) - init theta
0	
0	

   INFO [0x00003208] (f:\vsprojects2010\dataproc\dataproc\dataproc\ml\supervise\linear_regression.cpp:151) - J0=31.5
   INFO [0x00003208] (f:\vsprojects2010\dataproc\dataproc\dataproc\ml\supervise\linear_regression.cpp:151) - J1=31.4676
   INFO [0x00003208] (f:\vsprojects2010\dataproc\dataproc\dataproc\ml\supervise\linear_regression.cpp:151) - J2=31.4318
   INFO [0x00003208] (f:\vsprojects2010\dataproc\dataproc\dataproc\ml\supervise\linear_regression.cpp:151) - J3=31.3925
   INFO [0x00003208] (f:\vsprojects2010\dataproc\dataproc\dataproc\ml\supervise\linear_regression.cpp:151) - J4=31.3491
   INFO [0x00003208] (f:\vsprojects2010\dataproc\dataproc\dataproc\ml\supervise\linear_regression.cpp:151) - J5=31.3014
   INFO [0x00003208] (f:\vsprojects2010\dataproc\dataproc\dataproc\ml\supervise\linear_regression.cpp:151) - J6=31.2489
   INFO [0x00003208] (f:\vsprojects2010\dataproc\dataproc\dataproc\ml\supervise\linear_regression.cpp:151) - J7=31.1911
   INFO [0x00003208] (f:\vsprojects2010\dataproc\dataproc\dataproc\ml\supervise\linear_regression.cpp:151) - J8=31.1276
   INFO [0x00003208] (f:\vsprojects2010\dataproc\dataproc\dataproc\ml\supervise\linear_regression.cpp:151) - J9=31.0576
   INFO [0x00003208] (f:\vsprojects2010\dataproc\dataproc\dataproc\ml\supervise\linear_regression.cpp:151) - J10=30.9806
   INFO [0x00003208] (f:\vsprojects2010\dataproc\dataproc\dataproc\ml\supervise\linear_regression.cpp:151) - J11=30.896
   INFO [0x00003208] (f:\vsprojects2010\dataproc\dataproc\dataproc\ml\supervise\linear_regression.cpp:151) - J12=30.803
   INFO [0x00003208] (f:\vsprojects2010\dataproc\dataproc\dataproc\ml\supervise\linear_regression.cpp:151) - J13=30.7007
   INFO [0x00003208] (f:\vsprojects2010\dataproc\dataproc\dataproc\ml\supervise\linear_regression.cpp:151) - J14=30.5883
   INFO [0x00003208] (f:\vsprojects2010\dataproc\dataproc\dataproc\ml\supervise\linear_regression.cpp:151) - J15=30.4649
   INFO [0x00003208] (f:\vsprojects2010\dataproc\dataproc\dataproc\ml\supervise\linear_regression.cpp:151) - J16=30.3294
   INFO [0x00003208] (f:\vsprojects2010\dataproc\dataproc\dataproc\ml\supervise\linear_regression.cpp:151) - J17=30.1807
   INFO [0x00003208] (f:\vsprojects2010\dataproc\dataproc\dataproc\ml\supervise\linear_regression.cpp:151) - J18=30.0176
   INFO [0x00003208] (f:\vsprojects2010\dataproc\dataproc\dataproc\ml\supervise\linear_regression.cpp:151) - J19=29.8387
   INFO [0x00003208] (f:\vsprojects2010\dataproc\dataproc\dataproc\ml\supervise\linear_regression.cpp:151) - J20=29.6428
   INFO [0x00003208] (f:\vsprojects2010\dataproc\dataproc\dataproc\ml\supervise\linear_regression.cpp:151) - J21=29.4282
   INFO [0x00003208] (f:\vsprojects2010\dataproc\dataproc\dataproc\ml\supervise\linear_regression.cpp:151) - J22=29.1933
   INFO [0x00003208] (f:\vsprojects2010\dataproc\dataproc\dataproc\ml\supervise\linear_regression.cpp:151) - J23=28.9365
   INFO [0x00003208] (f:\vsprojects2010\dataproc\dataproc\dataproc\ml\supervise\linear_regression.cpp:151) - J24=28.6559
   INFO [0x00003208] (f:\vsprojects2010\dataproc\dataproc\dataproc\ml\supervise\linear_regression.cpp:151) - J25=28.3497
   INFO [0x00003208] (f:\vsprojects2010\dataproc\dataproc\dataproc\ml\supervise\linear_regression.cpp:151) - J26=28.0157
   INFO [0x00003208] (f:\vsprojects2010\dataproc\dataproc\dataproc\ml\supervise\linear_regression.cpp:151) - J27=27.652
   INFO [0x00003208] (f:\vsprojects2010\dataproc\dataproc\dataproc\ml\supervise\linear_regression.cpp:151) - J28=27.2564
   INFO [0x00003208] (f:\vsprojects2010\dataproc\dataproc\dataproc\ml\supervise\linear_regression.cpp:151) - J29=26.8265
   INFO [0x00003208] (f:\vsprojects2010\dataproc\dataproc\dataproc\ml\supervise\linear_regression.cpp:151) - J30=26.3603
   INFO [0x00003208] (f:\vsprojects2010\dataproc\dataproc\dataproc\ml\supervise\linear_regression.cpp:151) - J31=25.8555
   INFO [0x00003208] (f:\vsprojects2010\dataproc\dataproc\dataproc\ml\supervise\linear_regression.cpp:151) - J32=25.3098
   INFO [0x00003208] (f:\vsprojects2010\dataproc\dataproc\dataproc\ml\supervise\linear_regression.cpp:151) - J33=24.7212
   INFO [0x00003208] (f:\vsprojects2010\dataproc\dataproc\dataproc\ml\supervise\linear_regression.cpp:151) - J34=24.0878
   INFO [0x00003208] (f:\vsprojects2010\dataproc\dataproc\dataproc\ml\supervise\linear_regression.cpp:151) - J35=23.4078
   INFO [0x00003208] (f:\vsprojects2010\dataproc\dataproc\dataproc\ml\supervise\linear_regression.cpp:151) - J36=22.6798
   INFO [0x00003208] (f:\vsprojects2010\dataproc\dataproc\dataproc\ml\supervise\linear_regression.cpp:151) - J37=21.9028
   INFO [0x00003208] (f:\vsprojects2010\dataproc\dataproc\dataproc\ml\supervise\linear_regression.cpp:151) - J38=21.0762
   INFO [0x00003208] (f:\vsprojects2010\dataproc\dataproc\dataproc\ml\supervise\linear_regression.cpp:151) - J39=20.2001
   INFO [0x00003208] (f:\vsprojects2010\dataproc\dataproc\dataproc\ml\supervise\linear_regression.cpp:151) - J40=19.2755
   INFO [0x00003208] (f:\vsprojects2010\dataproc\dataproc\dataproc\ml\supervise\linear_regression.cpp:151) - J41=18.3038
   INFO [0x00003208] (f:\vsprojects2010\dataproc\dataproc\dataproc\ml\supervise\linear_regression.cpp:151) - J42=17.2879
   INFO [0x00003208] (f:\vsprojects2010\dataproc\dataproc\dataproc\ml\supervise\linear_regression.cpp:151) - J43=16.2317
   INFO [0x00003208] (f:\vsprojects2010\dataproc\dataproc\dataproc\ml\supervise\linear_regression.cpp:151) - J44=15.14
   INFO [0x00003208] (f:\vsprojects2010\dataproc\dataproc\dataproc\ml\supervise\linear_regression.cpp:151) - J45=14.0194
   INFO [0x00003208] (f:\vsprojects2010\dataproc\dataproc\dataproc\ml\supervise\linear_regression.cpp:151) - J46=12.8777
   INFO [0x00003208] (f:\vsprojects2010\dataproc\dataproc\dataproc\ml\supervise\linear_regression.cpp:151) - J47=11.724
   INFO [0x00003208] (f:\vsprojects2010\dataproc\dataproc\dataproc\ml\supervise\linear_regression.cpp:151) - J48=10.5688
   INFO [0x00003208] (f:\vsprojects2010\dataproc\dataproc\dataproc\ml\supervise\linear_regression.cpp:151) - J49=9.4237
   INFO [0x00003208] (f:\vsprojects2010\dataproc\dataproc\dataproc\ml\supervise\linear_regression.cpp:151) - J50=8.30136
   INFO [0x00003208] (f:\vsprojects2010\dataproc\dataproc\dataproc\ml\supervise\linear_regression.cpp:151) - J51=7.21492
   INFO [0x00003208] (f:\vsprojects2010\dataproc\dataproc\dataproc\ml\supervise\linear_regression.cpp:151) - J52=6.17764
   INFO [0x00003208] (f:\vsprojects2010\dataproc\dataproc\dataproc\ml\supervise\linear_regression.cpp:151) - J53=5.20238
   INFO [0x00003208] (f:\vsprojects2010\dataproc\dataproc\dataproc\ml\supervise\linear_regression.cpp:151) - J54=4.30092
   INFO [0x00003208] (f:\vsprojects2010\dataproc\dataproc\dataproc\ml\supervise\linear_regression.cpp:151) - J55=3.48333
   INFO [0x00003208] (f:\vsprojects2010\dataproc\dataproc\dataproc\ml\supervise\linear_regression.cpp:151) - J56=2.75728
   INFO [0x00003208] (f:\vsprojects2010\dataproc\dataproc\dataproc\ml\supervise\linear_regression.cpp:151) - J57=2.12751
   INFO [0x00003208] (f:\vsprojects2010\dataproc\dataproc\dataproc\ml\supervise\linear_regression.cpp:151) - J58=1.5954
   INFO [0x00003208] (f:\vsprojects2010\dataproc\dataproc\dataproc\ml\supervise\linear_regression.cpp:151) - J59=1.15882
   INFO [0x00003208] (f:\vsprojects2010\dataproc\dataproc\dataproc\ml\supervise\linear_regression.cpp:151) - J60=0.812168
   INFO [0x00003208] (f:\vsprojects2010\dataproc\dataproc\dataproc\ml\supervise\linear_regression.cpp:151) - J61=0.546879
   INFO [0x00003208] (f:\vsprojects2010\dataproc\dataproc\dataproc\ml\supervise\linear_regression.cpp:151) - J62=0.352083
   INFO [0x00003208] (f:\vsprojects2010\dataproc\dataproc\dataproc\ml\supervise\linear_regression.cpp:151) - J63=0.215559
   INFO [0x00003208] (f:\vsprojects2010\dataproc\dataproc\dataproc\ml\supervise\linear_regression.cpp:151) - J64=0.124781
   INFO [0x00003208] (f:\vsprojects2010\dataproc\dataproc\dataproc\ml\supervise\linear_regression.cpp:151) - J65=0.0679144
   INFO [0x00003208] (f:\vsprojects2010\dataproc\dataproc\dataproc\ml\supervise\linear_regression.cpp:151) - J66=0.0346259
   INFO [0x00003208] (f:\vsprojects2010\dataproc\dataproc\dataproc\ml\supervise\linear_regression.cpp:151) - J67=0.0165909
   INFO [0x00003208] (f:\vsprojects2010\dataproc\dataproc\dataproc\ml\supervise\linear_regression.cpp:151) - J68=0.0076502
   INFO [0x00003208] (f:\vsprojects2010\dataproc\dataproc\dataproc\ml\supervise\linear_regression.cpp:151) - J69=0.00364916
   INFO [0x00003208] (f:\vsprojects2010\dataproc\dataproc\dataproc\ml\supervise\linear_regression.cpp:151) - J70=0.00205868
   INFO [0x00003208] (f:\vsprojects2010\dataproc\dataproc\dataproc\ml\supervise\linear_regression.cpp:151) - J71=0.00150712
   INFO [0x00003208] (f:\vsprojects2010\dataproc\dataproc\dataproc\ml\supervise\linear_regression.cpp:151) - J72=0.00134262
   INFO [0x00003208] (f:\vsprojects2010\dataproc\dataproc\dataproc\ml\supervise\linear_regression.cpp:151) - J73=0.00129928
   INFO [0x00003208] (f:\vsprojects2010\dataproc\dataproc\dataproc\ml\supervise\linear_regression.cpp:151) - J74=0.00128649
   INFO [0x00003208] (f:\vsprojects2010\dataproc\dataproc\dataproc\ml\supervise\linear_regression.cpp:151) - J75=0.00127929
   INFO [0x00003208] (f:\vsprojects2010\dataproc\dataproc\dataproc\ml\supervise\linear_regression.cpp:151) - J76=0.00127237
   INFO [0x00003208] (f:\vsprojects2010\dataproc\dataproc\dataproc\ml\supervise\linear_regression.cpp:151) - J77=0.00126487
   INFO [0x00003208] (f:\vsprojects2010\dataproc\dataproc\dataproc\ml\supervise\linear_regression.cpp:151) - J78=0.00125667
   INFO [0x00003208] (f:\vsprojects2010\dataproc\dataproc\dataproc\ml\supervise\linear_regression.cpp:151) - J79=0.00124768
   INFO [0x00003208] (f:\vsprojects2010\dataproc\dataproc\dataproc\ml\supervise\linear_regression.cpp:151) - J80=0.00123784
   INFO [0x00003208] (f:\vsprojects2010\dataproc\dataproc\dataproc\ml\supervise\linear_regression.cpp:151) - J81=0.00122708
   INFO [0x00003208] (f:\vsprojects2010\dataproc\dataproc\dataproc\ml\supervise\linear_regression.cpp:151) - J82=0.00121533
   INFO [0x00003208] (f:\vsprojects2010\dataproc\dataproc\dataproc\ml\supervise\linear_regression.cpp:151) - J83=0.00120249
   INFO [0x00003208] (f:\vsprojects2010\dataproc\dataproc\dataproc\ml\supervise\linear_regression.cpp:151) - J84=0.0011885
   INFO [0x00003208] (f:\vsprojects2010\dataproc\dataproc\dataproc\ml\supervise\linear_regression.cpp:151) - J85=0.00117326
   INFO [0x00003208] (f:\vsprojects2010\dataproc\dataproc\dataproc\ml\supervise\linear_regression.cpp:151) - J86=0.00115667
   INFO [0x00003208] (f:\vsprojects2010\dataproc\dataproc\dataproc\ml\supervise\linear_regression.cpp:151) - J87=0.00113865
   INFO [0x00003208] (f:\vsprojects2010\dataproc\dataproc\dataproc\ml\supervise\linear_regression.cpp:151) - J88=0.0011191
   INFO [0x00003208] (f:\vsprojects2010\dataproc\dataproc\dataproc\ml\supervise\linear_regression.cpp:151) - J89=0.00109792
   INFO [0x00003208] (f:\vsprojects2010\dataproc\dataproc\dataproc\ml\supervise\linear_regression.cpp:151) - J90=0.00107503
   INFO [0x00003208] (f:\vsprojects2010\dataproc\dataproc\dataproc\ml\supervise\linear_regression.cpp:151) - J91=0.00105033
   INFO [0x00003208] (f:\vsprojects2010\dataproc\dataproc\dataproc\ml\supervise\linear_regression.cpp:151) - J92=0.00102374
   INFO [0x00003208] (f:\vsprojects2010\dataproc\dataproc\dataproc\ml\supervise\linear_regression.cpp:151) - J93=0.000995185
   INFO [0x00003208] (f:\vsprojects2010\dataproc\dataproc\dataproc\ml\supervise\linear_regression.cpp:161) - theta converge

0.0946376	
0.989448	

   INFO [0x00003208] (f:\vsprojects2010\dataproc\dataproc\dataproc\chartctrl_source\draw_lib.cpp:73) - x
0.75	
0.771917	
0.793833	
0.81575	
0.837667	
0.859583	
0.8815	
0.903417	
0.925333	
0.94725	
0.969167	
0.991083	
1.013	
1.03492	
1.05683	
1.07875	
1.10067	
1.12258	
1.1445	
1.16642	
1.18833	
1.21025	
1.23217	
1.25408	
1.276	
1.29792	
1.31983	
1.34175	
1.36367	
1.38558	
1.4075	
1.42942	
1.45133	
1.47325	
1.49517	
1.51708	
1.539	
1.56092	
1.58283	
1.60475	
1.62667	
1.64858	
1.6705	
1.69242	
1.71433	
1.73625	
1.75817	
1.78008	
1.802	
1.82392	
1.84583	
1.86775	
1.88967	
1.91158	
1.9335	
1.95542	
1.97733	
1.99925	
2.02117	
2.04308	
2.065	
2.08692	
2.10883	
2.13075	
2.15267	
2.17458	
2.1965	
2.21842	
2.24033	
2.26225	
2.28417	
2.30608	
2.328	
2.34992	
2.37183	
2.39375	
2.41567	
2.43758	
2.4595	
2.48142	
2.50333	
2.52525	
2.54717	
2.56908	
2.591	
2.61292	
2.63483	
2.65675	
2.67867	
2.70058	
2.7225	
2.74442	
2.76633	
2.78825	
2.81017	
2.83208	
2.854	
2.87592	
2.89783	
2.91975	
2.94167	
2.96358	
2.9855	
3.00742	
3.02933	
3.05125	
3.07317	
3.09508	
3.117	
3.13892	
3.16083	
3.18275	
3.20467	
3.22658	
3.2485	
3.27042	
3.29233	
3.31425	
3.33617	
3.35808	
3.38	
3.40192	
3.42383	
3.44575	
3.46767	
3.48958	
3.5115	
3.53342	
3.55533	
3.57725	
3.59917	
3.62108	
3.643	
3.66492	
3.68683	
3.70875	
3.73067	
3.75258	
3.7745	
3.79642	
3.81833	
3.84025	
3.86217	
3.88408	
3.906	
3.92792	
3.94983	
3.97175	
3.99367	
4.01558	
4.0375	
4.05942	
4.08133	
4.10325	
4.12517	
4.14708	
4.169	
4.19092	
4.21283	
4.23475	
4.25667	
4.27858	
4.3005	
4.32242	
4.34433	
4.36625	
4.38817	
4.41008	
4.432	
4.45392	
4.47583	
4.49775	
4.51967	
4.54158	
4.5635	
4.58542	
4.60733	
4.62925	
4.65117	
4.67308	
4.695	
4.71692	
4.73883	
4.76075	
4.78267	
4.80458	
4.8265	
4.84842	
4.87033	
4.89225	
4.91417	
4.93608	
4.958	
4.97992	
5.00183	
5.02375	
5.04567	
5.06758	
5.0895	
5.11142	
5.13333	
5.15525	
5.17717	
5.19908	
5.221	
5.24292	
5.26483	
5.28675	
5.30867	
5.33058	
5.3525	
5.37442	
5.39633	
5.41825	
5.44017	
5.46208	
5.484	
5.50592	
5.52783	
5.54975	
5.57167	
5.59358	
5.6155	
5.63742	
5.65933	
5.68125	
5.70317	
5.72508	
5.747	
5.76892	
5.79083	
5.81275	
5.83467	
5.85658	
5.8785	
5.90042	
5.92233	
5.94425	
5.96617	
5.98808	
6.01	
6.03192	
6.05383	
6.07575	
6.09767	
6.11958	
6.1415	
6.16342	
6.18533	
6.20725	
6.22917	
6.25108	
6.273	
6.29492	
6.31683	
6.33875	
6.36067	
6.38258	
6.4045	
6.42642	
6.44833	
6.47025	
6.49217	
6.51408	
6.536	
6.55792	
6.57983	
6.60175	
6.62367	
6.64558	
6.6675	
6.68942	
6.71133	
6.73325	
6.75517	
6.77708	
6.799	
6.82092	
6.84283	
6.86475	
6.88667	
6.90858	
6.9305	
6.95242	
6.97433	
6.99625	
7.01817	
7.04008	
7.062	
7.08392	
7.10583	
7.12775	
7.14967	
7.17158	
7.1935	
7.21542	
7.23733	
7.25925	
7.28117	
7.30308	
7.325	
7.34692	
7.36883	
7.39075	
7.41267	
7.43458	
7.4565	
7.47842	
7.50033	
7.52225	
7.54417	
7.56608	
7.588	
7.60992	
7.63183	
7.65375	
7.67567	
7.69758	
7.7195	
7.74142	
7.76333	
7.78525	
7.80717	
7.82908	
7.851	
7.87292	
7.89483	
7.91675	
7.93867	
7.96058	
7.9825	
8.00442	
8.02633	
8.04825	
8.07017	
8.09208	
8.114	
8.13592	
8.15783	
8.17975	
8.20167	
8.22358	
8.2455	
8.26742	
8.28933	
8.31125	
8.33317	
8.35508	
8.377	
8.39892	
8.42083	
8.44275	
8.46467	
8.48658	
8.5085	
8.53042	
8.55233	
8.57425	
8.59617	
8.61808	
8.64	
8.66192	
8.68383	
8.70575	
8.72767	
8.74958	
8.7715	
8.79342	
8.81533	
8.83725	
8.85917	
8.88108	
8.903	
8.92492	
8.94683	
8.96875	
8.99067	
9.01258	
9.0345	
9.05642	
9.07833	
9.10025	
9.12217	
9.14408	
9.166	
9.18792	
9.20983	
9.23175	
9.25367	
9.27558	
9.2975	
9.31942	
9.34133	
9.36325	
9.38517	
9.40708	
9.429	
9.45092	
9.47283	
9.49475	
9.51667	
9.53858	
9.5605	
9.58242	
9.60433	
9.62625	
9.64817	
9.67008	
9.692	
9.71392	
9.73583	
9.75775	
9.77967	
9.80158	
9.8235	
9.84542	
9.86733	
9.88925	
9.91117	
9.93308	
9.955	
9.97692	
9.99883	
10.0208	
10.0427	
10.0646	
10.0865	
10.1084	
10.1303	
10.1522	
10.1742	
10.1961	
10.218	
10.2399	
10.2618	
10.2838	
10.3057	
10.3276	
10.3495	
10.3714	
10.3933	
10.4152	
10.4372	
10.4591	
10.481	
10.5029	
10.5248	
10.5467	
10.5687	
10.5906	
10.6125	
10.6344	
10.6563	
10.6782	
10.7002	
10.7221	
10.744	
10.7659	
10.7878	
10.8097	
10.8317	
10.8536	
10.8755	
10.8974	
10.9193	
10.9413	
10.9632	
10.9851	
11.007	
11.0289	
11.0508	
11.0727	
11.0947	
11.1166	
11.1385	
11.1604	
11.1823	
11.2042	
11.2262	
11.2481	
11.27	
11.2919	
11.3138	
11.3357	
11.3577	
11.3796	
11.4015	
11.4234	
11.4453	
11.4672	
11.4892	
11.5111	
11.533	
11.5549	
11.5768	
11.5987	
11.6207	
11.6426	
11.6645	
11.6864	
11.7083	
11.7302	
11.7522	
11.7741	
11.796	
11.8179	
11.8398	
11.8617	
11.8837	
11.9056	
11.9275	
11.9494	
11.9713	
11.9933	
12.0152	
12.0371	
12.059	
12.0809	
12.1028	
12.1247	
12.1467	
12.1686	
12.1905	
12.2124	
12.2343	
12.2563	
12.2782	
12.3001	
12.322	
12.3439	
12.3658	
12.3877	
12.4097	
12.4316	
12.4535	
12.4754	
12.4973	
12.5193	
12.5412	
12.5631	
12.585	
12.6069	
12.6288	
12.6508	
12.6727	
12.6946	
12.7165	
12.7384	
12.7603	
12.7822	
12.8042	
12.8261	
12.848	
12.8699	
12.8918	
12.9138	
12.9357	
12.9576	
12.9795	
13.0014	
13.0233	
13.0452	
13.0672	
13.0891	
13.111	
13.1329	
13.1548	
13.1767	
13.1987	
13.2206	
13.2425	
13.2644	
13.2863	
13.3082	
13.3302	
13.3521	
13.374	
13.3959	
13.4178	
13.4397	
13.4617	
13.4836	
13.5055	
13.5274	
13.5493	
13.5712	
13.5932	
13.6151	
13.637	
13.6589	
13.6808	
13.7027	
13.7247	
13.7466	
13.7685	
13.7904	
13.8123	
13.8342	
13.8562	
13.8781	
13.9	
13.9219	
13.9438	
13.9657	
13.9877	
14.0096	
14.0315	
14.0534	
14.0753	
14.0972	
14.1192	
14.1411	
14.163	
14.1849	
14.2068	
14.2287	
14.2507	
14.2726	
14.2945	
14.3164	
14.3383	
14.3602	
14.3822	
14.4041	
14.426	
14.4479	
14.4698	
14.4917	
14.5137	
14.5356	
14.5575	
14.5794	
14.6013	
14.6232	
14.6452	
14.6671	
14.689	
14.7109	
14.7328	
14.7548	
14.7767	
14.7986	
14.8205	
14.8424	
14.8643	
14.8862	
14.9082	
14.9301	
14.952	
14.9739	
14.9958	
15.0177	
15.0397	
15.0616	
15.0835	
15.1054	
15.1273	
15.1492	
15.1712	
15.1931	
15.215	
15.2369	
15.2588	
15.2807	
15.3027	
15.3246	
15.3465	
15.3684	
15.3903	
15.4122	
15.4342	
15.4561	
15.478	
15.4999	
15.5218	
15.5437	
15.5657	
15.5876	
15.6095	
15.6314	
15.6533	
15.6753	
15.6972	
15.7191	
15.741	
15.7629	
15.7848	
15.8067	
15.8287	
15.8506	
15.8725	
15.8944	
15.9163	
15.9382	
15.9602	
15.9821	
16.004	
16.0259	
16.0478	
16.0697	
16.0917	
16.1136	
16.1355	
16.1574	
16.1793	
16.2012	
16.2232	
16.2451	
16.267	
16.2889	
16.3108	
16.3327	
16.3547	
16.3766	
16.3985	
16.4204	
16.4423	
16.4643	
16.4862	
16.5081	
16.53	
16.5519	
16.5738	
16.5957	
16.6177	
16.6396	
16.6615	
16.6834	
16.7053	
16.7272	
16.7492	
16.7711	
16.793	
16.8149	
16.8368	
16.8587	
16.8807	
16.9026	
16.9245	
16.9464	
16.9683	
16.9903	
17.0122	
17.0341	
17.056	
17.0779	
17.0998	
17.1217	
17.1437	
17.1656	
17.1875	
17.2094	
17.2313	
17.2532	
17.2752	
17.2971	
17.319	
17.3409	
17.3628	
17.3847	
17.4067	
17.4286	
17.4505	
17.4724	
17.4943	
17.5162	
17.5382	
17.5601	
17.582	
17.6039	
17.6258	
17.6477	
17.6697	
17.6916	
17.7135	
17.7354	
17.7573	
17.7792	
17.8012	
17.8231	
17.845	
17.8669	
17.8888	
17.9108	
17.9327	
17.9546	
17.9765	
17.9984	
18.0203	
18.0422	
18.0642	
18.0861	
18.108	
18.1299	
18.1518	
18.1737	
18.1957	
18.2176	
18.2395	
18.2614	
18.2833	
18.3052	
18.3272	
18.3491	
18.371	
18.3929	
18.4148	
18.4368	
18.4587	
18.4806	
18.5025	
18.5244	
18.5463	
18.5682	
18.5902	
18.6121	
18.634	
18.6559	
18.6778	
18.6997	
18.7217	
18.7436	
18.7655	
18.7874	
18.8093	
18.8312	
18.8532	
18.8751	
18.897	
18.9189	
18.9408	
18.9627	
18.9847	
19.0066	
19.0285	
19.0504	
19.0723	
19.0942	
19.1162	
19.1381	
19.16	
19.1819	
19.2038	
19.2257	
19.2477	
19.2696	
19.2915	
19.3134	
19.3353	
19.3572	
19.3792	
19.4011	
19.423	
19.4449	
19.4668	
19.4887	
19.5107	
19.5326	
19.5545	
19.5764	
19.5983	
19.6202	
19.6422	
19.6641	
19.686	
19.7079	
19.7298	
19.7517	
19.7737	
19.7956	
19.8175	
19.8394	
19.8613	
19.8832	
19.9052	
19.9271	
19.949	
19.9709	
19.9928	
20.0147	
20.0367	
20.0586	
20.0805	
20.1024	
20.1243	
20.1462	
20.1682	
20.1901	
20.212	
20.2339	
20.2558	
20.2777	
20.2997	
20.3216	
20.3435	
20.3654	
20.3873	
20.4092	
20.4312	
20.4531	
20.475	
20.4969	
20.5188	
20.5407	
20.5627	
20.5846	
20.6065	
20.6284	
20.6503	
20.6722	
20.6942	
20.7161	
20.738	
20.7599	
20.7818	
20.8037	
20.8257	
20.8476	
20.8695	
20.8914	
20.9133	
20.9353	
20.9572	
20.9791	
21.001	
21.0229	
21.0448	
21.0667	
21.0887	
21.1106	
21.1325	
21.1544	
21.1763	
21.1982	
21.2202	
21.2421	
21.264	
21.2859	
21.3078	
21.3297	
21.3517	
21.3736	
21.3955	
21.4174	
21.4393	
21.4612	
21.4832	
21.5051	
21.527	
21.5489	
21.5708	
21.5927	
21.6147	
21.6366	
21.6585	
21.6804	
21.7023	
21.7242	
21.7462	
21.7681	
21.79	
21.8119	
21.8338	
21.8557	
21.8777	
21.8996	
21.9215	
21.9434	
21.9653	
21.9872	
22.0092	
22.0311	
22.053	
22.0749	
22.0968	
22.1187	
22.1407	
22.1626	
22.1845	
22.2064	
22.2283	
22.2502	
22.2722	
22.2941	
22.316	
22.3379	
22.3598	
22.3817	
22.4037	
22.4256	
22.4475	
22.4694	
22.4913	
22.5132	
22.5352	
22.5571	
22.579	
22.6009	
22.6228	
22.6447	

   INFO [0x00003208] (f:\vsprojects2010\dataproc\dataproc\dataproc\chartctrl_source\draw_lib.cpp:74) - y
0.836724	
0.858409	
0.880094	
0.90178	
0.923465	
0.945151	
0.966836	
0.988521	
1.01021	
1.03189	
1.05358	
1.07526	
1.09695	
1.11863	
1.14032	
1.162	
1.18369	
1.20538	
1.22706	
1.24875	
1.27043	
1.29212	
1.3138	
1.33549	
1.35717	
1.37886	
1.40054	
1.42223	
1.44391	
1.4656	
1.48729	
1.50897	
1.53066	
1.55234	
1.57403	
1.59571	
1.6174	
1.63908	
1.66077	
1.68245	
1.70414	
1.72583	
1.74751	
1.7692	
1.79088	
1.81257	
1.83425	
1.85594	
1.87762	
1.89931	
1.92099	
1.94268	
1.96436	
1.98605	
2.00774	
2.02942	
2.05111	
2.07279	
2.09448	
2.11616	
2.13785	
2.15953	
2.18122	
2.2029	
2.22459	
2.24627	
2.26796	
2.28965	
2.31133	
2.33302	
2.3547	
2.37639	
2.39807	
2.41976	
2.44144	
2.46313	
2.48481	
2.5065	
2.52818	
2.54987	
2.57156	
2.59324	
2.61493	
2.63661	
2.6583	
2.67998	
2.70167	
2.72335	
2.74504	
2.76672	
2.78841	
2.8101	
2.83178	
2.85347	
2.87515	
2.89684	
2.91852	
2.94021	
2.96189	
2.98358	
3.00526	
3.02695	
3.04863	
3.07032	
3.09201	
3.11369	
3.13538	
3.15706	
3.17875	
3.20043	
3.22212	
3.2438	
3.26549	
3.28717	
3.30886	
3.33054	
3.35223	
3.37392	
3.3956	
3.41729	
3.43897	
3.46066	
3.48234	
3.50403	
3.52571	
3.5474	
3.56908	
3.59077	
3.61245	
3.63414	
3.65583	
3.67751	
3.6992	
3.72088	
3.74257	
3.76425	
3.78594	
3.80762	
3.82931	
3.85099	
3.87268	
3.89437	
3.91605	
3.93774	
3.95942	
3.98111	
4.00279	
4.02448	
4.04616	
4.06785	
4.08953	
4.11122	
4.1329	
4.15459	
4.17628	
4.19796	
4.21965	
4.24133	
4.26302	
4.2847	
4.30639	
4.32807	
4.34976	
4.37144	
4.39313	
4.41481	
4.4365	
4.45819	
4.47987	
4.50156	
4.52324	
4.54493	
4.56661	
4.5883	
4.60998	
4.63167	
4.65335	
4.67504	
4.69672	
4.71841	
4.7401	
4.76178	
4.78347	
4.80515	
4.82684	
4.84852	
4.87021	
4.89189	
4.91358	
4.93526	
4.95695	
4.97864	
5.00032	
5.02201	
5.04369	
5.06538	
5.08706	
5.10875	
5.13043	
5.15212	
5.1738	
5.19549	
5.21717	
5.23886	
5.26055	
5.28223	
5.30392	
5.3256	
5.34729	
5.36897	
5.39066	
5.41234	
5.43403	
5.45571	
5.4774	
5.49908	
5.52077	
5.54246	
5.56414	
5.58583	
5.60751	
5.6292	
5.65088	
5.67257	
5.69425	
5.71594	
5.73762	
5.75931	
5.78099	
5.80268	
5.82437	
5.84605	
5.86774	
5.88942	
5.91111	
5.93279	
5.95448	
5.97616	
5.99785	
6.01953	
6.04122	
6.06291	
6.08459	
6.10628	
6.12796	
6.14965	
6.17133	
6.19302	
6.2147	
6.23639	
6.25807	
6.27976	
6.30144	
6.32313	
6.34482	
6.3665	
6.38819	
6.40987	
6.43156	
6.45324	
6.47493	
6.49661	
6.5183	
6.53998	
6.56167	
6.58335	
6.60504	
6.62673	
6.64841	
6.6701	
6.69178	
6.71347	
6.73515	
6.75684	
6.77852	
6.80021	
6.82189	
6.84358	
6.86527	
6.88695	
6.90864	
6.93032	
6.95201	
6.97369	
6.99538	
7.01706	
7.03875	
7.06043	
7.08212	
7.1038	
7.12549	
7.14718	
7.16886	
7.19055	
7.21223	
7.23392	
7.2556	
7.27729	
7.29897	
7.32066	
7.34234	
7.36403	
7.38571	
7.4074	
7.42909	
7.45077	
7.47246	
7.49414	
7.51583	
7.53751	
7.5592	
7.58088	
7.60257	
7.62425	
7.64594	
7.66762	
7.68931	
7.711	
7.73268	
7.75437	
7.77605	
7.79774	
7.81942	
7.84111	
7.86279	
7.88448	
7.90616	
7.92785	
7.94954	
7.97122	
7.99291	
8.01459	
8.03628	
8.05796	
8.07965	
8.10133	
8.12302	
8.1447	
8.16639	
8.18807	
8.20976	
8.23145	
8.25313	
8.27482	
8.2965	
8.31819	
8.33987	
8.36156	
8.38324	
8.40493	
8.42661	
8.4483	
8.46998	
8.49167	
8.51336	
8.53504	
8.55673	
8.57841	
8.6001	
8.62178	
8.64347	
8.66515	
8.68684	
8.70852	
8.73021	
8.75189	
8.77358	
8.79527	
8.81695	
8.83864	
8.86032	
8.88201	
8.90369	
8.92538	
8.94706	
8.96875	
8.99043	
9.01212	
9.03381	
9.05549	
9.07718	
9.09886	
9.12055	
9.14223	
9.16392	
9.1856	
9.20729	
9.22897	
9.25066	
9.27234	
9.29403	
9.31572	
9.3374	
9.35909	
9.38077	
9.40246	
9.42414	
9.44583	
9.46751	
9.4892	
9.51088	
9.53257	
9.55425	
9.57594	
9.59763	
9.61931	
9.641	
9.66268	
9.68437	
9.70605	
9.72774	
9.74942	
9.77111	
9.79279	
9.81448	
9.83616	
9.85785	
9.87954	
9.90122	
9.92291	
9.94459	
9.96628	
9.98796	
10.0096	
10.0313	
10.053	
10.0747	
10.0964	
10.1181	
10.1398	
10.1614	
10.1831	
10.2048	
10.2265	
10.2482	
10.2699	
10.2916	
10.3132	
10.3349	
10.3566	
10.3783	
10.4	
10.4217	
10.4434	
10.465	
10.4867	
10.5084	
10.5301	
10.5518	
10.5735	
10.5952	
10.6168	
10.6385	
10.6602	
10.6819	
10.7036	
10.7253	
10.747	
10.7686	
10.7903	
10.812	
10.8337	
10.8554	
10.8771	
10.8987	
10.9204	
10.9421	
10.9638	
10.9855	
11.0072	
11.0289	
11.0505	
11.0722	
11.0939	
11.1156	
11.1373	
11.159	
11.1807	
11.2023	
11.224	
11.2457	
11.2674	
11.2891	
11.3108	
11.3325	
11.3541	
11.3758	
11.3975	
11.4192	
11.4409	
11.4626	
11.4843	
11.5059	
11.5276	
11.5493	
11.571	
11.5927	
11.6144	
11.6361	
11.6577	
11.6794	
11.7011	
11.7228	
11.7445	
11.7662	
11.7879	
11.8095	
11.8312	
11.8529	
11.8746	
11.8963	
11.918	
11.9396	
11.9613	
11.983	
12.0047	
12.0264	
12.0481	
12.0698	
12.0914	
12.1131	
12.1348	
12.1565	
12.1782	
12.1999	
12.2216	
12.2432	
12.2649	
12.2866	
12.3083	
12.33	
12.3517	
12.3734	
12.395	
12.4167	
12.4384	
12.4601	
12.4818	
12.5035	
12.5252	
12.5468	
12.5685	
12.5902	
12.6119	
12.6336	
12.6553	
12.677	
12.6986	
12.7203	
12.742	
12.7637	
12.7854	
12.8071	
12.8288	
12.8504	
12.8721	
12.8938	
12.9155	
12.9372	
12.9589	
12.9805	
13.0022	
13.0239	
13.0456	
13.0673	
13.089	
13.1107	
13.1323	
13.154	
13.1757	
13.1974	
13.2191	
13.2408	
13.2625	
13.2841	
13.3058	
13.3275	
13.3492	
13.3709	
13.3926	
13.4143	
13.4359	
13.4576	
13.4793	
13.501	
13.5227	
13.5444	
13.5661	
13.5877	
13.6094	
13.6311	
13.6528	
13.6745	
13.6962	
13.7179	
13.7395	
13.7612	
13.7829	
13.8046	
13.8263	
13.848	
13.8696	
13.8913	
13.913	
13.9347	
13.9564	
13.9781	
13.9998	
14.0214	
14.0431	
14.0648	
14.0865	
14.1082	
14.1299	
14.1516	
14.1732	
14.1949	
14.2166	
14.2383	
14.26	
14.2817	
14.3034	
14.325	
14.3467	
14.3684	
14.3901	
14.4118	
14.4335	
14.4552	
14.4768	
14.4985	
14.5202	
14.5419	
14.5636	
14.5853	
14.607	
14.6286	
14.6503	
14.672	
14.6937	
14.7154	
14.7371	
14.7588	
14.7804	
14.8021	
14.8238	
14.8455	
14.8672	
14.8889	
14.9105	
14.9322	
14.9539	
14.9756	
14.9973	
15.019	
15.0407	
15.0623	
15.084	
15.1057	
15.1274	
15.1491	
15.1708	
15.1925	
15.2141	
15.2358	
15.2575	
15.2792	
15.3009	
15.3226	
15.3443	
15.3659	
15.3876	
15.4093	
15.431	
15.4527	
15.4744	
15.4961	
15.5177	
15.5394	
15.5611	
15.5828	
15.6045	
15.6262	
15.6479	
15.6695	
15.6912	
15.7129	
15.7346	
15.7563	
15.778	
15.7997	
15.8213	
15.843	
15.8647	
15.8864	
15.9081	
15.9298	
15.9514	
15.9731	
15.9948	
16.0165	
16.0382	
16.0599	
16.0816	
16.1032	
16.1249	
16.1466	
16.1683	
16.19	
16.2117	
16.2334	
16.255	
16.2767	
16.2984	
16.3201	
16.3418	
16.3635	
16.3852	
16.4068	
16.4285	
16.4502	
16.4719	
16.4936	
16.5153	
16.537	
16.5586	
16.5803	
16.602	
16.6237	
16.6454	
16.6671	
16.6888	
16.7104	
16.7321	
16.7538	
16.7755	
16.7972	
16.8189	
16.8405	
16.8622	
16.8839	
16.9056	
16.9273	
16.949	
16.9707	
16.9923	
17.014	
17.0357	
17.0574	
17.0791	
17.1008	
17.1225	
17.1441	
17.1658	
17.1875	
17.2092	
17.2309	
17.2526	
17.2743	
17.2959	
17.3176	
17.3393	
17.361	
17.3827	
17.4044	
17.4261	
17.4477	
17.4694	
17.4911	
17.5128	
17.5345	
17.5562	
17.5779	
17.5995	
17.6212	
17.6429	
17.6646	
17.6863	
17.708	
17.7297	
17.7513	
17.773	
17.7947	
17.8164	
17.8381	
17.8598	
17.8814	
17.9031	
17.9248	
17.9465	
17.9682	
17.9899	
18.0116	
18.0332	
18.0549	
18.0766	
18.0983	
18.12	
18.1417	
18.1634	
18.185	
18.2067	
18.2284	
18.2501	
18.2718	
18.2935	
18.3152	
18.3368	
18.3585	
18.3802	
18.4019	
18.4236	
18.4453	
18.467	
18.4886	
18.5103	
18.532	
18.5537	
18.5754	
18.5971	
18.6188	
18.6404	
18.6621	
18.6838	
18.7055	
18.7272	
18.7489	
18.7706	
18.7922	
18.8139	
18.8356	
18.8573	
18.879	
18.9007	
18.9223	
18.944	
18.9657	
18.9874	
19.0091	
19.0308	
19.0525	
19.0741	
19.0958	
19.1175	
19.1392	
19.1609	
19.1826	
19.2043	
19.2259	
19.2476	
19.2693	
19.291	
19.3127	
19.3344	
19.3561	
19.3777	
19.3994	
19.4211	
19.4428	
19.4645	
19.4862	
19.5079	
19.5295	
19.5512	
19.5729	
19.5946	
19.6163	
19.638	
19.6597	
19.6813	
19.703	
19.7247	
19.7464	
19.7681	
19.7898	
19.8114	
19.8331	
19.8548	
19.8765	
19.8982	
19.9199	
19.9416	
19.9632	
19.9849	
20.0066	
20.0283	
20.05	
20.0717	
20.0934	
20.115	
20.1367	
20.1584	
20.1801	
20.2018	
20.2235	
20.2452	
20.2668	
20.2885	
20.3102	
20.3319	
20.3536	
20.3753	
20.397	
20.4186	
20.4403	
20.462	
20.4837	
20.5054	
20.5271	
20.5488	
20.5704	
20.5921	
20.6138	
20.6355	
20.6572	
20.6789	
20.7006	
20.7222	
20.7439	
20.7656	
20.7873	
20.809	
20.8307	
20.8523	
20.874	
20.8957	
20.9174	
20.9391	
20.9608	
20.9825	
21.0041	
21.0258	
21.0475	
21.0692	
21.0909	
21.1126	
21.1343	
21.1559	
21.1776	
21.1993	
21.221	
21.2427	
21.2644	
21.2861	
21.3077	
21.3294	
21.3511	
21.3728	
21.3945	
21.4162	
21.4379	
21.4595	
21.4812	
21.5029	
21.5246	
21.5463	
21.568	
21.5897	
21.6113	
21.633	
21.6547	
21.6764	
21.6981	
21.7198	
21.7414	
21.7631	
21.7848	
21.8065	
21.8282	
21.8499	
21.8716	
21.8932	
21.9149	
21.9366	
21.9583	
21.98	
22.0017	
22.0234	
22.045	
22.0667	
22.0884	
22.1101	
22.1318	
22.1535	
22.1752	
22.1968	
22.2185	
22.2402	
22.2619	
22.2836	
22.3053	
22.327	
22.3486	
22.3703	
22.392	
22.4137	
22.4354	
22.4571	
22.4788	
22.5004	

   INFO [0x00003208] (f:\vsprojects2010\dataproc\dataproc\dataproc\chartctrl_source\draw_lib.cpp:73) - x
1	
2	
3	
4	
5	
6	
7	
8	
9	
10	
11	
12	
13	
14	
15	
16	
17	
18	
19	
20	
21	
22	
23	
24	
25	
26	
27	
28	
29	
30	
31	
32	
33	
34	
35	
36	
37	
38	
39	
40	
41	
42	
43	
44	
45	
46	
47	
48	
49	
50	
51	
52	
53	
54	
55	
56	
57	
58	
59	
60	
61	
62	
63	
64	
65	
66	
67	
68	
69	
70	
71	
72	
73	
74	
75	
76	
77	
78	
79	
80	
81	
82	
83	
84	
85	
86	
87	
88	
89	
90	
91	
92	
93	
94	

   INFO [0x00003208] (f:\vsprojects2010\dataproc\dataproc\dataproc\chartctrl_source\draw_lib.cpp:74) - y
31.5	
31.4676	
31.4318	
31.3925	
31.3491	
31.3014	
31.2489	
31.1911	
31.1276	
31.0576	
30.9806	
30.896	
30.803	
30.7007	
30.5883	
30.4649	
30.3294	
30.1807	
30.0176	
29.8387	
29.6428	
29.4282	
29.1933	
28.9365	
28.6559	
28.3497	
28.0157	
27.652	
27.2564	
26.8265	
26.3603	
25.8555	
25.3098	
24.7212	
24.0878	
23.4078	
22.6798	
21.9028	
21.0762	
20.2001	
19.2755	
18.3038	
17.2879	
16.2317	
15.14	
14.0194	
12.8777	
11.724	
10.5688	
9.4237	
8.30136	
7.21492	
6.17764	
5.20238	
4.30092	
3.48333	
2.75728	
2.12751	
1.5954	
1.15882	
0.812168	
0.546879	
0.352083	
0.215559	
0.124781	
0.0679144	
0.0346259	
0.0165909	
0.0076502	
0.00364916	
0.00205868	
0.00150712	
0.00134262	
0.00129928	
0.00128649	
0.00127929	
0.00127237	
0.00126487	
0.00125667	
0.00124768	
0.00123784	
0.00122708	
0.00121533	
0.00120249	
0.0011885	
0.00117326	
0.00115667	
0.00113865	
0.0011191	
0.00109792	
0.00107503	
0.00105033	
0.00102374	
0.000995185	

   INFO [0x00003208] (f:\vsprojects2010\dataproc\dataproc\dataproc\ml\supervise\linear_regression.cpp:321) - train from 0 to 12
   INFO [0x00003208] (f:\vsprojects2010\dataproc\dataproc\dataproc\ml\supervise\linear_regression.cpp:327) - cv from 13 to 14
   INFO [0x00003208] (f:\vsprojects2010\dataproc\dataproc\dataproc\ml\supervise\linear_regression.cpp:332) - test from 15 to 16
   INFO [0x00003208] (f:\vsprojects2010\dataproc\dataproc\dataproc\ml\supervise\linear_regression.cpp:343) - the evaulation parameters are as follows:train accuracy:-6.27744e+066
test accuracy:-6.27744e+066
precision:-6.27744e+066
recall:-6.27744e+066
PR:-6.27744e+066
Jtrain:0.000995185
Jtest:0.00317176
Jcv:0.00171728
ac1_pre1:-842150451
ac1_pre0:-842150451
ac0_pre1:-842150451
ac0_pre0:-842150451

   INFO [0x00003044] (f:\vsprojects2010\dataproc\dataproc\dataproc\ml\supervise\linear_regression.cpp:46) - x_original
1	
2	
3	
4	
5	
6	
7	
8	
9	
10	
11	
12	
13	
14	
15	
16	
17	

   INFO [0x00003044] (f:\vsprojects2010\dataproc\dataproc\dataproc\ml\supervise\linear_regression.cpp:47) - y_original
1	
2	
3	
4	
5	
6	
7	
8	
9	
10	
11	
12	
13	
14	
15	
16	
17	

   INFO [0x00003044] (f:\vsprojects2010\dataproc\dataproc\dataproc\ml\supervise\linear_regression.cpp:50) - x_rand
7	
2	
6	
16	
4	
3	
15	
8	
12	
14	
13	
10	
11	
9	
1	
5	
17	

   INFO [0x00003044] (f:\vsprojects2010\dataproc\dataproc\dataproc\ml\supervise\linear_regression.cpp:51) - y_rand
7	
2	
6	
16	
4	
3	
15	
8	
12	
14	
13	
10	
11	
9	
1	
5	
17	

   INFO [0x000032a0] (f:\vsprojects2010\dataproc\dataproc\dataproc\ml\algo_basic.cpp:175) - brand
   INFO [0x000032a0] (f:\vsprojects2010\dataproc\dataproc\dataproc\ml\supervise\linear_regression.cpp:43) - x_original
1	
2	
3	
4	
5	
6	
7	
8	
9	
10	
11	
12	
13	
14	
15	
16	
17	

   INFO [0x000032a0] (f:\vsprojects2010\dataproc\dataproc\dataproc\ml\supervise\linear_regression.cpp:44) - y_original
1	
2	
3	
4	
5	
6	
7	
8	
9	
10	
11	
12	
13	
14	
15	
16	
17	

   INFO [0x000032a0] (f:\vsprojects2010\dataproc\dataproc\dataproc\ml\supervise\linear_regression.cpp:47) - x_rand
9	
7	
13	
15	
3	
14	
8	
10	
4	
12	
11	
5	
16	
6	
1	
2	
17	

   INFO [0x000032a0] (f:\vsprojects2010\dataproc\dataproc\dataproc\ml\supervise\linear_regression.cpp:48) - y_rand
9	
7	
13	
15	
3	
14	
8	
10	
4	
12	
11	
5	
16	
6	
1	
2	
17	

   INFO [0x00002af0] (f:\vsprojects2010\dataproc\dataproc\dataproc\ml\algo_basic.cpp:175) - brand
   INFO [0x00002af0] (f:\vsprojects2010\dataproc\dataproc\dataproc\ml\supervise\linear_regression.cpp:43) - x_original
1	
2	
3	
4	
5	
6	
7	
8	
9	
10	
11	
12	
13	
14	
15	
16	
17	

   INFO [0x00002af0] (f:\vsprojects2010\dataproc\dataproc\dataproc\ml\supervise\linear_regression.cpp:44) - y_original
1	
2	
3	
4	
5	
6	
7	
8	
9	
10	
11	
12	
13	
14	
15	
16	
17	

   INFO [0x00002af0] (f:\vsprojects2010\dataproc\dataproc\dataproc\ml\supervise\linear_regression.cpp:47) - x_rand
1	
15	
3	
14	
10	
13	
4	
2	
16	
11	
8	
9	
7	
12	
5	
6	
17	

   INFO [0x00002af0] (f:\vsprojects2010\dataproc\dataproc\dataproc\ml\supervise\linear_regression.cpp:48) - y_rand
1	
15	
3	
14	
10	
13	
4	
2	
16	
11	
8	
9	
7	
12	
5	
6	
17	

   INFO [0x00002af0] (f:\vsprojects2010\dataproc\dataproc\dataproc\ml\supervise\linear_regression.cpp:237) - X_trainprint matrix is empty!

   INFO [0x00002af0] (f:\vsprojects2010\dataproc\dataproc\dataproc\ml\supervise\linear_regression.cpp:237) - X_trainprint matrix is empty!

   INFO [0x00002af0] (f:\vsprojects2010\dataproc\dataproc\dataproc\ml\supervise\linear_regression.cpp:237) - X_trainprint matrix is empty!

   INFO [0x00000d20] (f:\vsprojects2010\dataproc\dataproc\dataproc\ml\supervise\linear_regression.cpp:43) - x_original
1	
2	
3	
4	
5	
6	
7	
8	
9	
10	
11	
12	
13	
14	
15	
16	
17	

   INFO [0x00000d20] (f:\vsprojects2010\dataproc\dataproc\dataproc\ml\supervise\linear_regression.cpp:44) - y_original
1	
2	
3	
4	
5	
6	
7	
8	
9	
10	
11	
12	
13	
14	
15	
16	
17	

   INFO [0x00000d20] (f:\vsprojects2010\dataproc\dataproc\dataproc\ml\supervise\linear_regression.cpp:47) - x_rand
15	
14	
5	
10	
9	
11	
6	
4	
3	
13	
12	
8	
1	
7	
2	
16	
17	

   INFO [0x00000d20] (f:\vsprojects2010\dataproc\dataproc\dataproc\ml\supervise\linear_regression.cpp:48) - y_rand
15	
14	
5	
10	
9	
11	
6	
4	
3	
13	
12	
8	
1	
7	
2	
16	
17	

   INFO [0x0000191c] (f:\vsprojects2010\dataproc\dataproc\dataproc\ml\supervise\linear_regression.cpp:43) - x_original
1	
2	
3	
4	
5	
6	
7	
8	
9	
10	
11	
12	
13	
14	
15	
16	
17	

   INFO [0x0000191c] (f:\vsprojects2010\dataproc\dataproc\dataproc\ml\supervise\linear_regression.cpp:44) - y_original
1	
2	
3	
4	
5	
6	
7	
8	
9	
10	
11	
12	
13	
14	
15	
16	
17	

   INFO [0x0000191c] (f:\vsprojects2010\dataproc\dataproc\dataproc\ml\supervise\linear_regression.cpp:47) - x_rand
6	
12	
9	
15	
5	
1	
16	
11	
10	
8	
4	
3	
14	
2	
13	
7	
17	

   INFO [0x0000191c] (f:\vsprojects2010\dataproc\dataproc\dataproc\ml\supervise\linear_regression.cpp:48) - y_rand
6	
12	
9	
15	
5	
1	
16	
11	
10	
8	
4	
3	
14	
2	
13	
7	
17	

   INFO [0x0000191c] (f:\vsprojects2010\dataproc\dataproc\dataproc\ml\supervise\linear_regression.cpp:55) - train_rate = 1, cv rate = 0 , test rate = 0
   INFO [0x0000191c] (f:\vsprojects2010\dataproc\dataproc\dataproc\ml\supervise\linear_regression.cpp:237) - X_train
1	8	
1	13	
1	3	
1	2	
1	10	
1	9	
1	12	
1	11	
1	16	
1	4	
1	7	
1	15	
1	5	
1	1	
1	6	
1	14	
1	17	

   INFO [0x0000191c] (f:\vsprojects2010\dataproc\dataproc\dataproc\ml\supervise\linear_regression.cpp:245) - after data preprocessingm X : 

1	8	
1	13	
1	3	
1	2	
1	10	
1	9	
1	12	
1	11	
1	16	
1	4	
1	7	
1	15	
1	5	
1	1	
1	6	
1	14	
1	17	

   INFO [0x0000191c] (f:\vsprojects2010\dataproc\dataproc\dataproc\ml\supervise\linear_regression.cpp:260) - the training parameters is as follows:
   INFO [0x0000191c] (f:\vsprojects2010\dataproc\dataproc\dataproc\ml\supervise\linear_regression.cpp:261) - alpha0.01
   INFO [0x0000191c] (f:\vsprojects2010\dataproc\dataproc\dataproc\ml\supervise\linear_regression.cpp:262) - lambda0
   INFO [0x0000191c] (f:\vsprojects2010\dataproc\dataproc\dataproc\ml\supervise\linear_regression.cpp:263) - num of iterations500
   INFO [0x0000191c] (f:\vsprojects2010\dataproc\dataproc\dataproc\ml\supervise\linear_regression.hpp:36) - init theta
0	
0	

   INFO [0x0000191c] (f:\vsprojects2010\dataproc\dataproc\dataproc\ml\supervise\linear_regression.cpp:148) - J0=52.5
   INFO [0x0000191c] (f:\vsprojects2010\dataproc\dataproc\dataproc\ml\supervise\linear_regression.cpp:148) - J1=0.64322
   INFO [0x0000191c] (f:\vsprojects2010\dataproc\dataproc\dataproc\ml\supervise\linear_regression.cpp:148) - J2=0.0185563
   INFO [0x0000191c] (f:\vsprojects2010\dataproc\dataproc\dataproc\ml\supervise\linear_regression.cpp:148) - J3=0.00171201
   INFO [0x0000191c] (f:\vsprojects2010\dataproc\dataproc\dataproc\ml\supervise\linear_regression.cpp:148) - J4=0.000886995
   INFO [0x0000191c] (f:\vsprojects2010\dataproc\dataproc\dataproc\ml\supervise\linear_regression.cpp:158) - theta converge

0.084298	
0.99158	

   INFO [0x0000191c] (f:\vsprojects2010\dataproc\dataproc\dataproc\ml\supervise\linear_regression.cpp:318) - train from 0 to 16
   INFO [0x0000191c] (f:\vsprojects2010\dataproc\dataproc\dataproc\ml\supervise\linear_regression.cpp:324) - cv from 17 to 16
   INFO [0x0000191c] (f:\vsprojects2010\dataproc\dataproc\dataproc\ml\supervise\linear_regression.cpp:329) - test from 17 to 16
   INFO [0x0000191c] (f:\vsprojects2010\dataproc\dataproc\dataproc\ml\supervise\linear_regression.cpp:340) - the evaulation parameters are as follows:train accuracy:-6.27744e+066
test accuracy:-6.27744e+066
precision:-6.27744e+066
recall:-6.27744e+066
PR:-6.27744e+066
Jtrain:0.000886995
Jtest:-1.#IND
Jcv:-1.#IND
ac1_pre1:-842150451
ac1_pre0:-842150451
ac0_pre1:-842150451
ac0_pre0:-842150451

  