F:\VSPROJECTS2010\DATAPROC\DATAPROC\DATAPROC\RELEASE\ABOUTDLG.OBJ
F:\VSPROJECTS2010\DATAPROC\DATAPROC\DATAPROC\RELEASE\ALGO_BASIC.OBJ
F:\VSPROJECTS2010\DATAPROC\DATAPROC\DATAPROC\RELEASE\APRIORI.OBJ
F:\VSPROJECTS2010\DATAPROC\DATAPROC\DATAPROC\RELEASE\CHARTAXIS.OBJ
F:\VSPROJECTS2010\DATAPROC\DATAPROC\DATAPROC\RELEASE\CHARTAXISLABEL.OBJ
F:\VSPROJECTS2010\DATAPROC\DATAPROC\DATAPROC\RELEASE\CHARTBARSERIE.OBJ
F:\VSPROJECTS2010\DATAPROC\DATAPROC\DATAPROC\RELEASE\CHARTCANDLESTICKSERIE.OBJ
F:\VSPROJECTS2010\DATAPROC\DATAPROC\DATAPROC\RELEASE\CHARTCROSSHAIRCURSOR.OBJ
F:\VSPROJECTS2010\DATAPROC\DATAPROC\DATAPROC\RELEASE\CHARTCTRL.OBJ
F:\VSPROJECTS2010\DATAPROC\DATAPROC\DATAPROC\RELEASE\CHARTCURSOR.OBJ
F:\VSPROJECTS2010\DATAPROC\DATAPROC\DATAPROC\RELEASE\CHARTDATETIMEAXIS.OBJ
F:\VSPROJECTS2010\DATAPROC\DATAPROC\DATAPROC\RELEASE\CHARTDRAGLINECURSOR.OBJ
F:\VSPROJECTS2010\DATAPROC\DATAPROC\DATAPROC\RELEASE\CHARTFONT.OBJ
F:\VSPROJECTS2010\DATAPROC\DATAPROC\DATAPROC\RELEASE\CHARTGANTTSERIE.OBJ
F:\VSPROJECTS2010\DATAPROC\DATAPROC\DATAPROC\RELEASE\CHARTGRADIENT.OBJ
F:\VSPROJECTS2010\DATAPROC\DATAPROC\DATAPROC\RELEASE\CHARTGRID.OBJ
F:\VSPROJECTS2010\DATAPROC\DATAPROC\DATAPROC\RELEASE\CHARTLEGEND.OBJ
F:\VSPROJECTS2010\DATAPROC\DATAPROC\DATAPROC\RELEASE\CHARTLINESERIE.OBJ
F:\VSPROJECTS2010\DATAPROC\DATAPROC\DATAPROC\RELEASE\CHARTLOGARITHMICAXIS.OBJ
F:\VSPROJECTS2010\DATAPROC\DATAPROC\DATAPROC\RELEASE\CHARTPOINTSSERIE.OBJ
F:\VSPROJECTS2010\DATAPROC\DATAPROC\DATAPROC\RELEASE\CHARTSCROLLBAR.OBJ
F:\VSPROJECTS2010\DATAPROC\DATAPROC\DATAPROC\RELEASE\CHARTSERIE.OBJ
F:\VSPROJECTS2010\DATAPROC\DATAPROC\DATAPROC\RELEASE\CHARTSTANDARDAXIS.OBJ
F:\VSPROJECTS2010\DATAPROC\DATAPROC\DATAPROC\RELEASE\CHARTSURFACESERIE.OBJ
F:\VSPROJECTS2010\DATAPROC\DATAPROC\DATAPROC\RELEASE\CHARTTITLE.OBJ
F:\VSPROJECTS2010\DATAPROC\DATAPROC\DATAPROC\RELEASE\CHARTXYSERIE.OBJ
F:\VSprojects2010\DataProc\DataProc\DataProc\Release\cl.command.1.tlog
F:\VSprojects2010\DataProc\DataProc\DataProc\Release\CL.read.1.tlog
F:\VSprojects2010\DataProc\DataProc\DataProc\Release\CL.write.1.tlog
F:\VSPROJECTS2010\DATAPROC\DATAPROC\DATAPROC\RELEASE\CLUSTER_BASE.OBJ
F:\VSPROJECTS2010\DATAPROC\DATAPROC\DATAPROC\RELEASE\COMM.OBJ
F:\VSPROJECTS2010\DATAPROC\DATAPROC\DATAPROC\RELEASE\COMMON.OBJ
F:\VSPROJECTS2010\DATAPROC\DATAPROC\DATAPROC\RELEASE\DATAPROC.EXE.INTERMEDIATE.MANIFEST
F:\VSPROJECTS2010\DATAPROC\DATAPROC\DATAPROC\RELEASE\DATAPROC.OBJ
F:\VSPROJECTS2010\DATAPROC\DATAPROC\DATAPROC\RELEASE\DATAPROC.PCH
F:\VSPROJECTS2010\DATAPROC\DATAPROC\DATAPROC\RELEASE\DATAPROC.RES
F:\VSprojects2010\DataProc\DataProc\DataProc\Release\DataProc.write.1.tlog
F:\VSPROJECTS2010\DATAPROC\DATAPROC\DATAPROC\RELEASE\DATAPROCDLG.OBJ
F:\VSPROJECTS2010\DATAPROC\DATAPROC\DATAPROC\RELEASE\DLGADPARAS.OBJ
F:\VSPROJECTS2010\DATAPROC\DATAPROC\DATAPROC\RELEASE\DLGCLUSTER.OBJ
F:\VSPROJECTS2010\DATAPROC\DATAPROC\DATAPROC\RELEASE\DLGCOMM.OBJ
F:\VSPROJECTS2010\DATAPROC\DATAPROC\DATAPROC\RELEASE\DLGMAIN.OBJ
F:\VSPROJECTS2010\DATAPROC\DATAPROC\DATAPROC\RELEASE\DLGMODELSELECT.OBJ
F:\VSPROJECTS2010\DATAPROC\DATAPROC\DATAPROC\RELEASE\DLGOTHERALGO.OBJ
F:\VSPROJECTS2010\DATAPROC\DATAPROC\DATAPROC\RELEASE\DLGPREDICT.OBJ
F:\VSPROJECTS2010\DATAPROC\DATAPROC\DATAPROC\RELEASE\DLGREALTIMEMONITOR.OBJ
F:\VSPROJECTS2010\DATAPROC\DATAPROC\DATAPROC\RELEASE\DRAW_LIB.OBJ
F:\VSPROJECTS2010\DATAPROC\DATAPROC\DATAPROC\RELEASE\EDITTABLE.OBJ
F:\VSPROJECTS2010\DATAPROC\DATAPROC\DATAPROC\RELEASE\EVALUATE_HYPO.OBJ
F:\VSPROJECTS2010\DATAPROC\DATAPROC\DATAPROC\RELEASE\EXAMPLES.OBJ
F:\VSPROJECTS2010\DATAPROC\DATAPROC\DATAPROC\RELEASE\FEATURE_SCALLING.OBJ
F:\VSPROJECTS2010\DATAPROC\DATAPROC\DATAPROC\RELEASE\INPUTDLG.OBJ
F:\VSPROJECTS2010\DATAPROC\DATAPROC\DATAPROC\RELEASE\IO_MANAGER.OBJ
F:\VSPROJECTS2010\DATAPROC\DATAPROC\DATAPROC\RELEASE\ITEMEDIT.OBJ
F:\VSPROJECTS2010\DATAPROC\DATAPROC\DATAPROC\RELEASE\K_MEANS.OBJ
F:\VSPROJECTS2010\DATAPROC\DATAPROC\DATAPROC\RELEASE\KERNELS.OBJ
F:\VSPROJECTS2010\DATAPROC\DATAPROC\DATAPROC\RELEASE\LEVEL_CLUSTER.OBJ
F:\VSPROJECTS2010\DATAPROC\DATAPROC\DATAPROC\RELEASE\LINEAR_REGRESSION.OBJ
F:\VSprojects2010\DataProc\DataProc\DataProc\Release\link.command.1.tlog
F:\VSprojects2010\DataProc\DataProc\DataProc\Release\link.read.1.tlog
F:\VSprojects2010\DataProc\DataProc\DataProc\Release\link.write.1.tlog
F:\VSprojects2010\DataProc\DataProc\DataProc\Release\link-cvtres.read.1.tlog
F:\VSprojects2010\DataProc\DataProc\DataProc\Release\link-cvtres.write.1.tlog
F:\VSPROJECTS2010\DATAPROC\DATAPROC\DATAPROC\RELEASE\LOGISTIC_REGRESSION.OBJ
F:\VSPROJECTS2010\DATAPROC\DATAPROC\DATAPROC\RELEASE\MATH_FUNCTION.OBJ
F:\VSPROJECTS2010\DATAPROC\DATAPROC\DATAPROC\RELEASE\MATRIX.OBJ
F:\VSprojects2010\DataProc\DataProc\DataProc\Release\mt.command.1.tlog
F:\VSprojects2010\DataProc\DataProc\DataProc\Release\mt.read.1.tlog
F:\VSprojects2010\DataProc\DataProc\DataProc\Release\mt.write.1.tlog
F:\VSPROJECTS2010\DATAPROC\DATAPROC\DATAPROC\RELEASE\NEURAL_NETWORK.OBJ
F:\VSPROJECTS2010\DATAPROC\DATAPROC\DATAPROC\RELEASE\OTHERALGO_BASE.OBJ
F:\VSprojects2010\DataProc\DataProc\DataProc\Release\rc.command.1.tlog
F:\VSprojects2010\DataProc\DataProc\DataProc\Release\rc.read.1.tlog
F:\VSprojects2010\DataProc\DataProc\DataProc\Release\rc.write.1.tlog
F:\VSPROJECTS2010\DATAPROC\DATAPROC\DATAPROC\RELEASE\STDAFX.OBJ
F:\VSPROJECTS2010\DATAPROC\DATAPROC\DATAPROC\RELEASE\SVM.OBJ
F:\VSPROJECTS2010\DATAPROC\DATAPROC\DATAPROC\RELEASE\VC100.PDB
F:\VSPROJECTS2010\DATAPROC\DATAPROC\RELEASE\DATAPROC.EXE
F:\VSPROJECTS2010\DATAPROC\DATAPROC\RELEASE\DATAPROC.PDB
